<!DOCTYPE html PUBLIC "-//W3C//DTD XHTML 1.1//EN" "http://www.w3.org/TR/xhtml11/DTD/xhtml11.dtd">
<html xmlns="http://www.w3.org/1999/xhtml"><head><title>TestNG Report</title><style type="text/css">table {margin-bottom:10px;border-collapse:collapse;empty-cells:show}th,td {border:1px solid #009;padding:.25em .5em}th {vertical-align:bottom}td {vertical-align:top}table a {font-weight:bold}.stripe td {background-color: #E6EBF9}.num {text-align:right}.passedodd td {background-color: #3F3}.passedeven td {background-color: #0A0}.skippedodd td {background-color: #DDD}.skippedeven td {background-color: #CCC}.failedodd td,.attn {background-color: #F33}.failedeven td,.stripe .attn {background-color: #D00}.stacktrace {white-space:pre;font-family:monospace}.totop {font-size:85%;text-align:center;border-bottom:2px solid #000}</style></head><body><table><tr><th>Test</th><th># Passed</th><th># Skipped</th><th># Failed</th><th>Time (ms)</th><th>Included Groups</th><th>Excluded Groups</th></tr><tr><th colspan="7">Example test run</th></tr><tr><td><a href="#t0">Simple Test</a></td><td class="num">0</td><td class="num">0</td><td class="num attn">1</td><td class="num">729</td><td></td><td></td></tr></table><table><thead><tr><th>Class</th><th>Method</th><th>Start</th><th>Time (ms)</th></tr></thead><tbody><tr><th colspan="4">Example test run</th></tr></tbody><tbody id="t0"><tr><th colspan="4">Simple Test &#8212; failed</th></tr><tr class="failedeven"><td rowspan="1">CucumberTest.CucumberTest.CalcRunner</td><td><a href="#m0">run_cukes</a></td><td rowspan="1">1515647393432</td><td rowspan="1">688</td></tr></tbody></table><h2>Simple Test</h2><h3 id="m0">CucumberTest.CucumberTest.CalcRunner#run_cukes</h3><table class="result"><tr><th>Messages</th></tr><tr><td><div class="messages">&lt;div &quot;featureFile&quot;&gt;Feature File: E:&amp;#x2F;Maven-Selenium-Cucumber&amp;#x2F;CucumberTest&amp;#x2F;target&amp;#x2F;test-classes&amp;#x2F;CucumberTest&amp;#x2F;CucumberTest&amp;#x2F;Calc.feature&lt;/div&gt;<br/>&lt;div &quot;feature&quot;&gt;Feature: Calculator&lt;/div&gt;<br/>&lt;div &quot;scenarioOutline&quot;&gt;Scenario Outline: Add two numbers &amp;lt;num1&amp;gt; &amp;amp; &amp;lt;num2&amp;gt;&lt;/div&gt;<br/>&lt;div &quot;result&quot;&gt;Given  I have a calculator (passed : 0s)&lt;/div&gt;<br/>&lt;div &quot;scenario&quot;&gt;Scenario Outline: Add two numbers 99 &amp;amp; -99&lt;/div&gt;<br/>&lt;div &quot;result&quot;&gt;When  I add &amp;lt;num1&amp;gt; and &amp;lt;num2&amp;gt; (passed : 0s)&lt;/div&gt;<br/>&lt;div &quot;result&quot;&gt;Then  the result should be &amp;lt;total&amp;gt; (passed : 0s)&lt;/div&gt;<br/>&lt;div &quot;result&quot;&gt;Given  I want to use the Calculator (passed : 0s)&lt;/div&gt;<br/>&lt;div &quot;result&quot;&gt;Given  I have a calculator (passed : 0s)&lt;/div&gt;<br/>&lt;div &quot;scenario&quot;&gt;Scenario Outline: Add two numbers -1 &amp;amp; -10&lt;/div&gt;<br/>&lt;div &quot;result&quot;&gt;When  I add 99 and -99 (passed : 0s)&lt;/div&gt;<br/>&lt;div &quot;result&quot;&gt;Then  the result should be 10 (passed : 0s)&lt;/div&gt;<br/>&lt;div &quot;result&quot;&gt;Given  I want to use the Calculator (passed : 0s)&lt;/div&gt;</div></td></tr><tr><th>Exception</th></tr><tr><td><div class="stacktrace">cucumber.runtime.CucumberException: java.lang.ArithmeticException: / by zero
	at cucumber.api.testng.TestNGCucumberRunner.runCukes(TestNGCucumberRunner.java:48)
	at cucumber.api.testng.AbstractTestNGCucumberTests.run_cukes(AbstractTestNGCucumberTests.java:14)
	at cucumber.api.testng.AbstractTestNGCucumberTests.run(AbstractTestNGCucumberTests.java:19)
Caused by: java.lang.ArithmeticException: / by zero
	at CucumberTest.CucumberTest.Calculator.aftereHook(Calculator.java:41)
	at cucumber.runtime.Utils$1.call(Utils.java:37)
	at cucumber.runtime.Timeout.timeout(Timeout.java:13)
	at cucumber.runtime.Utils.invoke(Utils.java:31)
	at cucumber.runtime.java.JavaHookDefinition.execute(JavaHookDefinition.java:59)
	at cucumber.runtime.Runtime.runHookIfTagsMatch(Runtime.java:222)
	at cucumber.runtime.Runtime.runHooks(Runtime.java:210)
	at cucumber.runtime.Runtime.runAfterHooks(Runtime.java:204)
	at cucumber.runtime.model.CucumberScenario.run(CucumberScenario.java:50)
	at cucumber.runtime.model.CucumberScenarioOutline.run(CucumberScenarioOutline.java:46)
	at cucumber.runtime.model.CucumberFeature.run(CucumberFeature.java:163)
	at cucumber.runtime.Runtime.run(Runtime.java:120)
	at cucumber.api.testng.TestNGCucumberRunner.runCukes(TestNGCucumberRunner.java:43)
	... 31 more
... Removed 33 stack frames</div></td></tr></table><p class="totop"><a href="#summary">back to summary</a></p></body></html>