<?xml version="1.0" encoding="UTF-8"?>
<!-- Generated by org.testng.reporters.JUnitXMLReporter -->
<testsuite hostname="DELL-PC" name="Simple Test" tests="1" failures="1" timestamp="11 Jan 2018 05:09:54 GMT" time="0.729" errors="0">
  <testcase name="run_cukes" time="0.688" classname="CucumberTest.CucumberTest.CalcRunner">
    <failure type="cucumber.runtime.CucumberException" message="java.lang.ArithmeticException: / by zero">
      <![CDATA[cucumber.runtime.CucumberException: java.lang.ArithmeticException: / by zero
	at cucumber.api.testng.TestNGCucumberRunner.runCukes(TestNGCucumberRunner.java:48)
	at cucumber.api.testng.AbstractTestNGCucumberTests.run_cukes(AbstractTestNGCucumberTests.java:14)
	at cucumber.api.testng.AbstractTestNGCucumberTests.run(AbstractTestNGCucumberTests.java:19)
Caused by: java.lang.ArithmeticException: / by zero
	at CucumberTest.CucumberTest.Calculator.aftereHook(Calculator.java:41)
	at cucumber.runtime.Utils$1.call(Utils.java:37)
	at cucumber.runtime.Timeout.timeout(Timeout.java:13)
	at cucumber.runtime.Utils.invoke(Utils.java:31)
	at cucumber.runtime.java.JavaHookDefinition.execute(JavaHookDefinition.java:59)
	at cucumber.runtime.Runtime.runHookIfTagsMatch(Runtime.java:222)
	at cucumber.runtime.Runtime.runHooks(Runtime.java:210)
	at cucumber.runtime.Runtime.runAfterHooks(Runtime.java:204)
	at cucumber.runtime.model.CucumberScenario.run(CucumberScenario.java:50)
	at cucumber.runtime.model.CucumberScenarioOutline.run(CucumberScenarioOutline.java:46)
	at cucumber.runtime.model.CucumberFeature.run(CucumberFeature.java:163)
	at cucumber.runtime.Runtime.run(Runtime.java:120)
	at cucumber.api.testng.TestNGCucumberRunner.runCukes(TestNGCucumberRunner.java:43)
	... 31 more
... Removed 33 stack frames]]>
    </failure>
  </testcase> <!-- run_cukes -->
</testsuite> <!-- Simple Test -->
